<?xml version="1.0" encoding="UTF-8" ?>
<testsuite tests="16" failures="0" name="org.test.ClienteTest" time="0.086" errors="0" skipped="0">
  <properties>
    <property name="java.runtime.name" value="Java(TM) SE Runtime Environment"/>
    <property name="java.vm.version" value="18.0.1.1+2-6"/>
    <property name="sun.boot.library.path" value="C:\Program Files\Java\jdk-18.0.1.1\bin"/>
    <property name="maven.multiModuleProjectDirectory" value="C:\Users\PC-IO\Documents\NetBeansProjects\seguro_veiculos"/>
    <property name="java.vm.vendor" value="Oracle Corporation"/>
    <property name="java.vendor.url" value="https://java.oracle.com/"/>
    <property name="guice.disable.misplaced.annotation.check" value="true"/>
    <property name="path.separator" value=";"/>
    <property name="java.vm.name" value="Java HotSpot(TM) 64-Bit Server VM"/>
    <property name="sun.os.patch.level" value=""/>
    <property name="user.script" value=""/>
    <property name="user.country" value="BR"/>
    <property name="sun.java.launcher" value="SUN_STANDARD"/>
    <property name="test" value="org.test.ClienteTest"/>
    <property name="java.vm.specification.name" value="Java Virtual Machine Specification"/>
    <property name="user.dir" value="C:\Users\PC-IO\Documents\NetBeansProjects\seguro_veiculos"/>
    <property name="java.vm.compressedOopsMode" value="Zero based"/>
    <property name="java.runtime.version" value="18.0.1.1+2-6"/>
    <property name="os.arch" value="amd64"/>
    <property name="java.io.tmpdir" value="C:\Users\PC-IO\AppData\Local\Temp\"/>
    <property name="line.separator" value="
"/>
    <property name="java.vm.specification.vendor" value="Oracle Corporation"/>
    <property name="user.variant" value=""/>
    <property name="os.name" value="Windows 10"/>
    <property name="maven.ext.class.path" value="C:\Program Files\NetBeans-13\netbeans\java\maven-nblib\netbeans-eventspy.jar"/>
    <property name="classworlds.conf" value="C:\Program Files\NetBeans-13\netbeans\java\maven\bin\m2.conf"/>
    <property name="sun.jnu.encoding" value="Cp1252"/>
    <property name="java.library.path" value="C:\Program Files\Java\jdk-18.0.1.1\bin;C:\Windows\Sun\Java\bin;C:\Windows\system32;C:\Windows;C:\Python310\Scripts\;C:\Python310\;C:\Program Files\Common Files\Oracle\Java\javapath;C:\Windows\system32;C:\Windows;C:\Windows\System32\Wbem;C:\Windows\System32\WindowsPowerShell\v1.0\;C:\Windows\System32\OpenSSH\;C:\MinGW\bin;C:\ProgramData\UNIVALI\Portugol Studio;C:\Users\PC-IO\AppData\Local\Programs\Microsoft VS Code\bin;C:\Program Files\Java\jdk-18.0.1.1\bin;C:\Program Files\Git\cmd;C:\Program Files\dotnet\;C:\JUnit;C:\Program Files\nodejs\;C:\ProgramData\chocolatey\bin;C:\Program Files\PowerShell\7\;C:\Users\PC-IO\AppData\Local\Microsoft\WindowsApps;C:\Users\PC-IO\AppData\Local\Programs\Microsoft VS Code\bin;C:\MinGW\bin;C:\Program Files\JetBrains\IntelliJ IDEA 2022.1.3\bin;C:\Program Files\JetBrains\IntelliJ IDEA Community Edition 2022.1.3\bin;C:\Users\PC-IO\AppData\Local\gitkraken\bin;C:\Users\PC-IO\AppData\Roaming\npm;;."/>
    <property name="maven.conf" value="C:\Program Files\NetBeans-13\netbeans\java\maven/conf"/>
    <property name="jdk.debug" value="release"/>
    <property name="java.class.version" value="62.0"/>
    <property name="java.specification.name" value="Java Platform API Specification"/>
    <property name="sun.management.compiler" value="HotSpot 64-Bit Tiered Compilers"/>
    <property name="os.version" value="10.0"/>
    <property name="library.jansi.path" value="C:\Program Files\NetBeans-13\netbeans\java\maven\lib\jansi-native"/>
    <property name="user.home" value="C:\Users\PC-IO"/>
    <property name="user.timezone" value="America/Sao_Paulo"/>
    <property name="file.encoding" value="UTF-8"/>
    <property name="java.specification.version" value="18"/>
    <property name="user.name" value="Windows 10"/>
    <property name="java.class.path" value="C:\Program Files\NetBeans-13\netbeans\java\maven\boot\plexus-classworlds-2.6.0.jar"/>
    <property name="java.vm.specification.version" value="18"/>
    <property name="sun.arch.data.model" value="64"/>
    <property name="sun.java.command" value="org.codehaus.plexus.classworlds.launcher.Launcher -Dtest=org.test.ClienteTest -Dmaven.ext.class.path=C:\Program Files\NetBeans-13\netbeans\java\maven-nblib\netbeans-eventspy.jar surefire:test"/>
    <property name="java.home" value="C:\Program Files\Java\jdk-18.0.1.1"/>
    <property name="user.language" value="pt"/>
    <property name="java.specification.vendor" value="Oracle Corporation"/>
    <property name="java.vm.info" value="mixed mode, sharing"/>
    <property name="java.version" value="18.0.1.1"/>
    <property name="native.encoding" value="Cp1252"/>
    <property name="java.vendor" value="Oracle Corporation"/>
    <property name="maven.home" value="C:\Program Files\NetBeans-13\netbeans\java\maven"/>
    <property name="file.separator" value="\"/>
    <property name="java.version.date" value="2022-04-22"/>
    <property name="java.vendor.url.bug" value="https://bugreport.java.com/bugreport/"/>
    <property name="sun.io.unicode.encoding" value="UnicodeLittle"/>
    <property name="sun.cpu.endian" value="little"/>
    <property name="sun.cpu.isalist" value="amd64"/>
  </properties>
  <testcase classname="org.test.ClienteTest" name="testaSexoInvalidoF" time="0.011"/>
  <testcase classname="org.test.ClienteTest" name="testaSexoInvalidoM" time="0"/>
  <testcase classname="org.test.ClienteTest" name="testaNacionalidadeBr" time="0.001"/>
  <testcase classname="org.test.ClienteTest" name="testaNacionalidadeEs" time="0"/>
  <testcase classname="org.test.ClienteTest" name="testaCpf" time="0.004"/>
  <testcase classname="org.test.ClienteTest" name="testaIdadeInvalidaInferior" time="0.062"/>
  <testcase classname="org.test.ClienteTest" name="testaPassaporteInvalido" time="0.002"/>
  <testcase classname="org.test.ClienteTest" name="testaNacionalidadeInvalida" time="0"/>
  <testcase classname="org.test.ClienteTest" name="testaDataInvalida" time="0.002"/>
  <testcase classname="org.test.ClienteTest" name="testaCpfInvalido" time="0.001"/>
  <testcase classname="org.test.ClienteTest" name="testaEstadoCivilInvalido" time="0.001"/>
  <testcase classname="org.test.ClienteTest" name="testaIdadeInvalidaSuperior" time="0"/>
  <testcase classname="org.test.ClienteTest" name="testaIdade" time="0"/>
  <testcase classname="org.test.ClienteTest" name="testaSexoF" time="0.001"/>
  <testcase classname="org.test.ClienteTest" name="testaSexoM" time="0.001"/>
  <testcase classname="org.test.ClienteTest" name="testaPassaporte" time="0"/>
</testsuite>